! MT19937
! Jump Ahead 31*2^20 steps coefficnents
  integer, parameter :: id  = 31
  integer, parameter :: nj  = 20
  integer, parameter :: nb  = 19937
  integer, parameter :: nar = 624
  integer :: p(0:nar-1)
  p(:)=0
  p(0)=Z'd7092fa8'
  p(1)=Z'a608a108'
  p(2)=Z'8cbc9a64'
  p(3)=Z'1ebe06a6'
  p(4)=Z'fb29aa30'
  p(5)=Z'6d2becec'
  p(6)=Z'79dc2de2'
  p(7)=Z'c6ad9ea4'
  p(8)=Z'd7dfb82e'
  p(9)=Z'fbe0a803'
  p(10)=Z'b749f0b7'
  p(11)=Z'1e6d11a5'
  p(12)=Z'9bad428c'
  p(13)=Z'5ff7870d'
  p(14)=Z'f6fc20c5'
  p(15)=Z'fd30e571'
  p(16)=Z'7686ac54'
  p(17)=Z'4d93d678'
  p(18)=Z'94567939'
  p(19)=Z'beb0260f'
  p(20)=Z'3b644f75'
  p(21)=Z'9d4510a0'
  p(22)=Z'59bb12b2'
  p(23)=Z'fa9c6516'
  p(24)=Z'eb0b521c'
  p(25)=Z'1b02ff14'
  p(26)=Z'749a328d'
  p(27)=Z'6d576c48'
  p(28)=Z'146f2eb2'
  p(29)=Z'3d08bb65'
  p(30)=Z'9b813cde'
  p(31)=Z'9d7728bd'
  p(32)=Z'13117219'
  p(33)=Z'a3a96e43'
  p(34)=Z'c6fa036e'
  p(35)=Z'f3e4f8'
  p(36)=Z'f299ccc7'
  p(37)=Z'1b793ad2'
  p(38)=Z'b97efda5'
  p(39)=Z'6043d2ee'
  p(40)=Z'5f0d07a3'
  p(41)=Z'93896dd1'
  p(42)=Z'447e010'
  p(43)=Z'7399523d'
  p(44)=Z'546a7491'
  p(45)=Z'c1264202'
  p(46)=Z'6c4b1db3'
  p(47)=Z'b381e479'
  p(48)=Z'4aeff2c0'
  p(49)=Z'd65e4356'
  p(50)=Z'e54aa56b'
  p(51)=Z'cc45ddc4'
  p(52)=Z'2ea73378'
  p(53)=Z'78015f26'
  p(54)=Z'3d81604f'
  p(55)=Z'9f9c2ea'
  p(56)=Z'3670615c'
  p(57)=Z'98d1865d'
  p(58)=Z'53c80470'
  p(59)=Z'b86b11fb'
  p(60)=Z'afde9b5a'
  p(61)=Z'2f6697aa'
  p(62)=Z'7cdfe9b5'
  p(63)=Z'9c74cf1c'
  p(64)=Z'6ee98e49'
  p(65)=Z'e6d8bd9e'
  p(66)=Z'a4508909'
  p(67)=Z'56ea3963'
  p(68)=Z'842c1ee2'
  p(69)=Z'49256267'
  p(70)=Z'7a2909ea'
  p(71)=Z'6fe648c'
  p(72)=Z'ca9dfcca'
  p(73)=Z'f055fcfe'
  p(74)=Z'ea4f8035'
  p(75)=Z'52f3aa75'
  p(76)=Z'd9230cf7'
  p(77)=Z'6f03557a'
  p(78)=Z'e72d58e7'
  p(79)=Z'9397b8e5'
  p(80)=Z'fc8fbe39'
  p(81)=Z'f267e362'
  p(82)=Z'f1de404b'
  p(83)=Z'4dd29973'
  p(84)=Z'fe3f7810'
  p(85)=Z'7b7576ca'
  p(86)=Z'b89c570b'
  p(87)=Z'1ee2a75a'
  p(88)=Z'5205a311'
  p(89)=Z'1d166ac'
  p(90)=Z'407f7e3b'
  p(91)=Z'e7aacb26'
  p(92)=Z'5d527409'
  p(93)=Z'46bdf5bc'
  p(94)=Z'624e7977'
  p(95)=Z'f75bbd46'
  p(96)=Z'74d67ee3'
  p(97)=Z'a3cc80c'
  p(98)=Z'b3402a0a'
  p(99)=Z'f7e4edfe'
  p(100)=Z'c0588bec'
  p(101)=Z'18a02cd6'
  p(102)=Z'a05fdd37'
  p(103)=Z'52fd7ffd'
  p(104)=Z'4caa6dc2'
  p(105)=Z'74a5899f'
  p(106)=Z'81afc0d8'
  p(107)=Z'c2a73006'
  p(108)=Z'8685c7cb'
  p(109)=Z'7d7dc642'
  p(110)=Z'cda46980'
  p(111)=Z'629bce97'
  p(112)=Z'5e7d5cb'
  p(113)=Z'a26c2e52'
  p(114)=Z'd9551a9c'
  p(115)=Z'5123af34'
  p(116)=Z'dc47f168'
  p(117)=Z'ead46780'
  p(118)=Z'7cb87829'
  p(119)=Z'fca6c05f'
  p(120)=Z'c41cc206'
  p(121)=Z'519f3019'
  p(122)=Z'2ec5da16'
  p(123)=Z'15b5caa4'
  p(124)=Z'e7a884b'
  p(125)=Z'7d45416a'
  p(126)=Z'453e482'
  p(127)=Z'11824b8b'
  p(128)=Z'eed61bba'
  p(129)=Z'9f81ed36'
  p(130)=Z'799c09f0'
  p(131)=Z'9e2e5a5d'
  p(132)=Z'7b1f173e'
  p(133)=Z'b4015031'
  p(134)=Z'd594b76f'
  p(135)=Z'5d3e3a84'
  p(136)=Z'16c8d430'
  p(137)=Z'14544d74'
  p(138)=Z'd08803b2'
  p(139)=Z'3c6ec559'
  p(140)=Z'33e0a6a0'
  p(141)=Z'335783ba'
  p(142)=Z'28613dc5'
  p(143)=Z'ffdc0085'
  p(144)=Z'649291c6'
  p(145)=Z'6c8eede9'
  p(146)=Z'3ae19ce8'
  p(147)=Z'a1aec457'
  p(148)=Z'48f02701'
  p(149)=Z'e6141a50'
  p(150)=Z'4682b823'
  p(151)=Z'4b90efdc'
  p(152)=Z'cbe36761'
  p(153)=Z'9efbc00b'
  p(154)=Z'70b175a5'
  p(155)=Z'7365e44d'
  p(156)=Z'55678949'
  p(157)=Z'7309d959'
  p(158)=Z'29275065'
  p(159)=Z'61f57c28'
  p(160)=Z'10ab74a4'
  p(161)=Z'c321f93'
  p(162)=Z'b2bb4700'
  p(163)=Z'a622460c'
  p(164)=Z'4675ada5'
  p(165)=Z'3c2d71a0'
  p(166)=Z'd2809865'
  p(167)=Z'3f6f79ba'
  p(168)=Z'c53dff1d'
  p(169)=Z'd5d02fb4'
  p(170)=Z'b08ab67d'
  p(171)=Z'c49d9b39'
  p(172)=Z'99b64190'
  p(173)=Z'ef2f4b4b'
  p(174)=Z'37e09712'
  p(175)=Z'19323be7'
  p(176)=Z'9e811587'
  p(177)=Z'dc77c56c'
  p(178)=Z'5aac2fde'
  p(179)=Z'528a7c7f'
  p(180)=Z'90b94ffa'
  p(181)=Z'7bd9ab67'
  p(182)=Z'f2c5dcad'
  p(183)=Z'ebf2e2cc'
  p(184)=Z'c05513a7'
  p(185)=Z'b9035c12'
  p(186)=Z'eee060ce'
  p(187)=Z'566a4df6'
  p(188)=Z'a7c02e14'
  p(189)=Z'17ec21fd'
  p(190)=Z'27f54b8f'
  p(191)=Z'2c8d59d'
  p(192)=Z'8bcd1817'
  p(193)=Z'917d7c8c'
  p(194)=Z'2df98d36'
  p(195)=Z'c5f04f3'
  p(196)=Z'99f1ab09'
  p(197)=Z'6cccdf4b'
  p(198)=Z'8e29a368'
  p(199)=Z'b4370509'
  p(200)=Z'1676ba08'
  p(201)=Z'3257d17e'
  p(202)=Z'6b996163'
  p(203)=Z'16ca27d8'
  p(204)=Z'8720ff9c'
  p(205)=Z'dc3633cc'
  p(206)=Z'f2872ae9'
  p(207)=Z'd212b837'
  p(208)=Z'15aa3880'
  p(209)=Z'cbc232d'
  p(210)=Z'7ceb735'
  p(211)=Z'c902e3c0'
  p(212)=Z'5fb269ab'
  p(213)=Z'ae6d07a4'
  p(214)=Z'eb633daf'
  p(215)=Z'132328a4'
  p(216)=Z'89598db8'
  p(217)=Z'74af2a7e'
  p(218)=Z'462f2980'
  p(219)=Z'6398f4f8'
  p(220)=Z'1c6174ab'
  p(221)=Z'2e537807'
  p(222)=Z'f017ace1'
  p(223)=Z'f0738384'
  p(224)=Z'7bfe8483'
  p(225)=Z'13546477'
  p(226)=Z'2241b419'
  p(227)=Z'd1058943'
  p(228)=Z'ed24377b'
  p(229)=Z'19c49137'
  p(230)=Z'c9d43d4b'
  p(231)=Z'31bd2d25'
  p(232)=Z'84593d6a'
  p(233)=Z'4606c111'
  p(234)=Z'c584eda5'
  p(235)=Z'f65e1947'
  p(236)=Z'1929ecb3'
  p(237)=Z'32993dd7'
  p(238)=Z'7f15ad5b'
  p(239)=Z'fcd58b40'
  p(240)=Z'1a8b4396'
  p(241)=Z'4b687700'
  p(242)=Z'464dbfd0'
  p(243)=Z'2024b138'
  p(244)=Z'bc2aee1'
  p(245)=Z'1681d686'
  p(246)=Z'3fc01050'
  p(247)=Z'a931500b'
  p(248)=Z'7d128adb'
  p(249)=Z'd5b51863'
  p(250)=Z'd5c79de2'
  p(251)=Z'28508b88'
  p(252)=Z'df457071'
  p(253)=Z'49a241a'
  p(254)=Z'dadccfbe'
  p(255)=Z'd9bbbf39'
  p(256)=Z'12eb16a7'
  p(257)=Z'e26d0c6d'
  p(258)=Z'5ca65b90'
  p(259)=Z'e37d237e'
  p(260)=Z'4f6b21b'
  p(261)=Z'c2f1465d'
  p(262)=Z'c89b1e77'
  p(263)=Z'fe302040'
  p(264)=Z'c649932e'
  p(265)=Z'9695be32'
  p(266)=Z'acf584e'
  p(267)=Z'eec63a25'
  p(268)=Z'f6b0095e'
  p(269)=Z'd169b290'
  p(270)=Z'7e01302'
  p(271)=Z'168f4ed1'
  p(272)=Z'71a7255c'
  p(273)=Z'be9cbbc5'
  p(274)=Z'148f324'
  p(275)=Z'5946793d'
  p(276)=Z'f7b1eb74'
  p(277)=Z'371093a6'
  p(278)=Z'c5426af9'
  p(279)=Z'eb1b9157'
  p(280)=Z'6140127b'
  p(281)=Z'2741576'
  p(282)=Z'ef3275af'
  p(283)=Z'd874bfbe'
  p(284)=Z'367d5ffb'
  p(285)=Z'dd391f16'
  p(286)=Z'388a1f2d'
  p(287)=Z'86c6c217'
  p(288)=Z'7840113e'
  p(289)=Z'75de9ed1'
  p(290)=Z'2df6baa7'
  p(291)=Z'3b1d7f85'
  p(292)=Z'c401184d'
  p(293)=Z'7cadab92'
  p(294)=Z'89a742f'
  p(295)=Z'84f10dd0'
  p(296)=Z'f43b4681'
  p(297)=Z'9bcc7988'
  p(298)=Z'b59d07c5'
  p(299)=Z'13859c67'
  p(300)=Z'491f2dbb'
  p(301)=Z'83eabdd5'
  p(302)=Z'63cd7812'
  p(303)=Z'e8a9c942'
  p(304)=Z'4753916e'
  p(305)=Z'5305a0a6'
  p(306)=Z'28d4b52'
  p(307)=Z'f44175b8'
  p(308)=Z'878cc47b'
  p(309)=Z'9246946b'
  p(310)=Z'ad070773'
  p(311)=Z'37860bee'
  p(312)=Z'b0eb266'
  p(313)=Z'9b16a4eb'
  p(314)=Z'c6c58809'
  p(315)=Z'2687c2a9'
  p(316)=Z'7f88fb85'
  p(317)=Z'8ece2136'
  p(318)=Z'14e6b6dc'
  p(319)=Z'c1f52343'
  p(320)=Z'a934359e'
  p(321)=Z'cc7cf143'
  p(322)=Z'34016e11'
  p(323)=Z'3e46d0e2'
  p(324)=Z'8d030ee9'
  p(325)=Z'c502f0c8'
  p(326)=Z'aad96848'
  p(327)=Z'd32ac92b'
  p(328)=Z'4cc83a1e'
  p(329)=Z'ec2f1aa3'
  p(330)=Z'4cfc45f3'
  p(331)=Z'6df7fce6'
  p(332)=Z'9996205d'
  p(333)=Z'21cc3f8f'
  p(334)=Z'fb29622a'
  p(335)=Z'b2cbc7be'
  p(336)=Z'652f4424'
  p(337)=Z'31eab380'
  p(338)=Z'1f6a2969'
  p(339)=Z'521123f5'
  p(340)=Z'6991ded2'
  p(341)=Z'86794dc'
  p(342)=Z'9962211a'
  p(343)=Z'ac0a11ae'
  p(344)=Z'de31539a'
  p(345)=Z'f1dca67b'
  p(346)=Z'efae806d'
  p(347)=Z'f63675c3'
  p(348)=Z'dd639005'
  p(349)=Z'14202078'
  p(350)=Z'14fa1eaf'
  p(351)=Z'2848bc18'
  p(352)=Z'50ca6ba1'
  p(353)=Z'98aa67f8'
  p(354)=Z'a8ef0552'
  p(355)=Z'304b0026'
  p(356)=Z'da6d24d2'
  p(357)=Z'e9ad3c0c'
  p(358)=Z'acd9002f'
  p(359)=Z'227812fa'
  p(360)=Z'2d9d0ad2'
  p(361)=Z'ab26d54d'
  p(362)=Z'427d6933'
  p(363)=Z'df468fe2'
  p(364)=Z'7f52126a'
  p(365)=Z'78b9cc48'
  p(366)=Z'a095cb14'
  p(367)=Z'893c046'
  p(368)=Z'37b3662d'
  p(369)=Z'920ff964'
  p(370)=Z'afbef4af'
  p(371)=Z'4e00465d'
  p(372)=Z'3c75ad51'
  p(373)=Z'b1b72050'
  p(374)=Z'b9bbf543'
  p(375)=Z'789f54da'
  p(376)=Z'c6d386d3'
  p(377)=Z'bcc52c25'
  p(378)=Z'9c1fd365'
  p(379)=Z'95ae4225'
  p(380)=Z'1fd3eaf5'
  p(381)=Z'54bca3b'
  p(382)=Z'62bf62bc'
  p(383)=Z'85bda544'
  p(384)=Z'528a0f80'
  p(385)=Z'cbd1adba'
  p(386)=Z'46007611'
  p(387)=Z'8562b258'
  p(388)=Z'18602a3'
  p(389)=Z'6fbbde80'
  p(390)=Z'fd850039'
  p(391)=Z'5d560f46'
  p(392)=Z'bf13bebe'
  p(393)=Z'c1b8f305'
  p(394)=Z'4ccaa1f2'
  p(395)=Z'2b0d1e50'
  p(396)=Z'2e79804a'
  p(397)=Z'3a19835b'
  p(398)=Z'6e675730'
  p(399)=Z'22c7cbb2'
  p(400)=Z'4a2352ad'
  p(401)=Z'4fd9d558'
  p(402)=Z'46582821'
  p(403)=Z'135bbba'
  p(404)=Z'1e7e6e2d'
  p(405)=Z'1a9a4ee5'
  p(406)=Z'c0a82bc'
  p(407)=Z'87e56581'
  p(408)=Z'8f948d5d'
  p(409)=Z'24205797'
  p(410)=Z'ce81b62e'
  p(411)=Z'10267c83'
  p(412)=Z'feebae06'
  p(413)=Z'6a42523'
  p(414)=Z'910af750'
  p(415)=Z'f8ee046d'
  p(416)=Z'35975fcd'
  p(417)=Z'1beeb5e8'
  p(418)=Z'2e394896'
  p(419)=Z'1d9ed7e9'
  p(420)=Z'59a546c'
  p(421)=Z'3838b749'
  p(422)=Z'13897c28'
  p(423)=Z'233323fd'
  p(424)=Z'f9c8583'
  p(425)=Z'a246f9eb'
  p(426)=Z'3d6bb773'
  p(427)=Z'44e46ebb'
  p(428)=Z'283ee01'
  p(429)=Z'7995ca0e'
  p(430)=Z'2c25a7b9'
  p(431)=Z'f8f2cba9'
  p(432)=Z'a42fe53a'
  p(433)=Z'29182aa6'
  p(434)=Z'ae1a0a0c'
  p(435)=Z'653412bd'
  p(436)=Z'4dbdd68'
  p(437)=Z'4911694e'
  p(438)=Z'f2359510'
  p(439)=Z'50808d0d'
  p(440)=Z'b6c31331'
  p(441)=Z'7d073d73'
  p(442)=Z'25f65286'
  p(443)=Z'd85f90d8'
  p(444)=Z'e04f4adc'
  p(445)=Z'564f9f17'
  p(446)=Z'c662fbec'
  p(447)=Z'be4b1a54'
  p(448)=Z'cb095471'
  p(449)=Z'e5852e5d'
  p(450)=Z'e5214479'
  p(451)=Z'6cb7a78b'
  p(452)=Z'c09904'
  p(453)=Z'8f69b11a'
  p(454)=Z'378ccf10'
  p(455)=Z'822ec79f'
  p(456)=Z'a70d9d0e'
  p(457)=Z'61e2bbb6'
  p(458)=Z'18fab4c4'
  p(459)=Z'c8d0972f'
  p(460)=Z'7ee1e5c'
  p(461)=Z'df0ebaf3'
  p(462)=Z'f00e7205'
  p(463)=Z'ca90fc32'
  p(464)=Z'87902867'
  p(465)=Z'ac31fafe'
  p(466)=Z'2caca876'
  p(467)=Z'eec60335'
  p(468)=Z'ca6ab5d8'
  p(469)=Z'bcdc2f5e'
  p(470)=Z'f7bcbb3a'
  p(471)=Z'5c62cd66'
  p(472)=Z'68f81f3b'
  p(473)=Z'59ccd7'
  p(474)=Z'5ff5697'
  p(475)=Z'd73a9d69'
  p(476)=Z'bb4033a3'
  p(477)=Z'700c11e5'
  p(478)=Z'7476df5d'
  p(479)=Z'fd0ce312'
  p(480)=Z'79085580'
  p(481)=Z'2be764f8'
  p(482)=Z'cba7d56e'
  p(483)=Z'9635cccb'
  p(484)=Z'3e4302dc'
  p(485)=Z'c498447e'
  p(486)=Z'5021634a'
  p(487)=Z'd4e29623'
  p(488)=Z'ed266cd4'
  p(489)=Z'd5b44e5d'
  p(490)=Z'5dc7a6e6'
  p(491)=Z'91914c7'
  p(492)=Z'cf3be220'
  p(493)=Z'60f685e6'
  p(494)=Z'321f49bf'
  p(495)=Z'80df637c'
  p(496)=Z'e016577c'
  p(497)=Z'8bc78002'
  p(498)=Z'623247b3'
  p(499)=Z'28d6cd96'
  p(500)=Z'4169440e'
  p(501)=Z'9746777e'
  p(502)=Z'3428b51d'
  p(503)=Z'4e81af8b'
  p(504)=Z'2457fd7a'
  p(505)=Z'a329f747'
  p(506)=Z'957e7a86'
  p(507)=Z'831476d7'
  p(508)=Z'5ea2806a'
  p(509)=Z'70d46ee2'
  p(510)=Z'31cccb2d'
  p(511)=Z'95c0cdd'
  p(512)=Z'b3083692'
  p(513)=Z'10e80019'
  p(514)=Z'a5a3ca28'
  p(515)=Z'299a59fa'
  p(516)=Z'7254c8f2'
  p(517)=Z'ab28a78a'
  p(518)=Z'd8b289a'
  p(519)=Z'6fb5e47c'
  p(520)=Z'639e2549'
  p(521)=Z'456cd4a2'
  p(522)=Z'8ed8db70'
  p(523)=Z'574a7af4'
  p(524)=Z'12c5a450'
  p(525)=Z'fff3725d'
  p(526)=Z'b4fdb986'
  p(527)=Z'fcd846ab'
  p(528)=Z'9f02b977'
  p(529)=Z'74d2d69b'
  p(530)=Z'a770fce4'
  p(531)=Z'904fec85'
  p(532)=Z'2ff6f783'
  p(533)=Z'6f3fb951'
  p(534)=Z'c97f9c32'
  p(535)=Z'b96defd9'
  p(536)=Z'89682c37'
  p(537)=Z'af4f478a'
  p(538)=Z'99ec824c'
  p(539)=Z'5146e996'
  p(540)=Z'59bd12e4'
  p(541)=Z'501c77f6'
  p(542)=Z'adadcb1'
  p(543)=Z'1d6a84dc'
  p(544)=Z'157a8a25'
  p(545)=Z'ade2f3ac'
  p(546)=Z'61186d36'
  p(547)=Z'97cdd8b9'
  p(548)=Z'ef320578'
  p(549)=Z'fa408383'
  p(550)=Z'6490c7d1'
  p(551)=Z'71050cc0'
  p(552)=Z'972af809'
  p(553)=Z'dc617e15'
  p(554)=Z'fd363f80'
  p(555)=Z'fe7a5325'
  p(556)=Z'd412d805'
  p(557)=Z'32d0d7c5'
  p(558)=Z'980afa04'
  p(559)=Z'5c2ba4c8'
  p(560)=Z'20ba6866'
  p(561)=Z'5af4f8dd'
  p(562)=Z'2d5c36'
  p(563)=Z'3c7be8b3'
  p(564)=Z'88b738b4'
  p(565)=Z'6569686d'
  p(566)=Z'4314c37b'
  p(567)=Z'c171ef1e'
  p(568)=Z'527c257'
  p(569)=Z'6d77f3cd'
  p(570)=Z'd9fa9ac'
  p(571)=Z'7061c9db'
  p(572)=Z'f96ce01f'
  p(573)=Z'4f0a9b99'
  p(574)=Z'88be4d68'
  p(575)=Z'95e785d0'
  p(576)=Z'566009de'
  p(577)=Z'27a62c1a'
  p(578)=Z'fbc6b568'
  p(579)=Z'fa906553'
  p(580)=Z'a1f66e63'
  p(581)=Z'840da6e5'
  p(582)=Z'6c7a9f09'
  p(583)=Z'52a17463'
  p(584)=Z'dc1e7b5e'
  p(585)=Z'6c0abf39'
  p(586)=Z'86a6e092'
  p(587)=Z'33457b69'
  p(588)=Z'dac8a508'
  p(589)=Z'bfa94099'
  p(590)=Z'b6372c08'
  p(591)=Z'9eed8cbc'
  p(592)=Z'45279761'
  p(593)=Z'89abf4b3'
  p(594)=Z'1de7ad62'
  p(595)=Z'6b30290d'
  p(596)=Z'c4e3aafd'
  p(597)=Z'3f09f20b'
  p(598)=Z'cae31f5d'
  p(599)=Z'5315e07f'
  p(600)=Z'826411cf'
  p(601)=Z'5746ad41'
  p(602)=Z'69b65e3f'
  p(603)=Z'25e6ccbd'
  p(604)=Z'7c0bf9cb'
  p(605)=Z'c024d340'
  p(606)=Z'ec8b92e1'
  p(607)=Z'e4c98b97'
  p(608)=Z'da20d239'
  p(609)=Z'bda6bcc2'
  p(610)=Z'a821996f'
  p(611)=Z'340a21a7'
  p(612)=Z'666f2b97'
  p(613)=Z'2d977498'
  p(614)=Z'5fc2c472'
  p(615)=Z'1c2d5e33'
  p(616)=Z'5ca0c22'
  p(617)=Z'58764df0'
  p(618)=Z'4cbadc3f'
  p(619)=Z'2b462b5f'
  p(620)=Z'4edc50f8'
  p(621)=Z'c3e15a99'
  p(622)=Z'290e30b5'
  p(623)=Z'1'
